app/build/intermediates/manifest_merge_blame_file/debug/manifest-merger-blame-debug-report.txt
1<?xml version="1.0" encoding="utf-8"?>
2<manifest xmlns:android="http://schemas.android.com/apk/res/android"
3    package="com.yapue.appan"
4    android:versionCode="11001010"
5    android:versionName="Error.00x7E008" >
6
7    <uses-sdk
8        android:minSdkVersion="21"
8-->src\main\AndroidManifest.xml
9        android:targetSdkVersion="30" />
9-->src\main\AndroidManifest.xml
10    <!-- <uses-permission android:name="android.permission.MANAGE_EXTERNAL_STORAGE"/> -->
11    <uses-permission android:name="android.permission.READ_PHONE_STATE" />
11-->src\main\AndroidManifest.xml:6:5-74
11-->src\main\AndroidManifest.xml:6:22-72
12    <uses-permission android:name="android.permission.GET_ACCOUNTS" />
12-->src\main\AndroidManifest.xml:7:5-71
12-->src\main\AndroidManifest.xml:7:22-68
13    <uses-permission android:name="android.permission.INTERNET" />
13-->src\main\AndroidManifest.xml:8:5-67
13-->src\main\AndroidManifest.xml:8:22-64
14    <uses-permission android:name="android.permission.ACCESS_NETWORK_STATE" />
14-->src\main\AndroidManifest.xml:9:5-79
14-->src\main\AndroidManifest.xml:9:22-76
15    <uses-permission android:name="android.permission.WRITE_EXTERNAL_STORAGE" />
15-->src\main\AndroidManifest.xml:10:5-81
15-->src\main\AndroidManifest.xml:10:22-78
16    <uses-permission android:name="android.permission.READ_EXTERNAL_STORAGE" />
16-->src\main\AndroidManifest.xml:11:5-80
16-->src\main\AndroidManifest.xml:11:22-77
17    <uses-permission android:name="android.permission.BLUETOOTH" />
17-->src\main\AndroidManifest.xml:12:5-68
17-->src\main\AndroidManifest.xml:12:22-65
18    <uses-permission android:name="android.permission.BLUETOOTH_ADMIN" />
18-->src\main\AndroidManifest.xml:13:5-74
18-->src\main\AndroidManifest.xml:13:22-71
19    <uses-permission android:name="android.permission.READ_CALENDAR" />
19-->src\main\AndroidManifest.xml:14:5-72
19-->src\main\AndroidManifest.xml:14:22-69
20    <uses-permission android:name="android.permission.WRITE_CALENDAR" />
20-->src\main\AndroidManifest.xml:15:5-73
20-->src\main\AndroidManifest.xml:15:22-70
21    <uses-permission
21-->src\main\AndroidManifest.xml:16:5-66
22        android:name="android.permission.VIBRATE"
22-->src\main\AndroidManifest.xml:16:22-63
23        android:required="false" />
23-->[com.mercadopago.android.px:checkout:4.5.2] AndroidManifest.xml:16:9-33
24    <uses-permission android:name="android.permission.WAKE_LOCK" />
24-->src\main\AndroidManifest.xml:17:5-68
24-->src\main\AndroidManifest.xml:17:22-65
25    <uses-permission android:name="android.permission.ACCESS_FINE_LOCATION" /> <!-- Push service 运行需要的权限 -->
25-->src\main\AndroidManifest.xml:18:5-79
25-->src\main\AndroidManifest.xml:18:22-76
26    <!-- SDCard中创建与删除文件权限 -->
27    <uses-feature
27-->src\main\AndroidManifest.xml:20:5-22:35
28        android:name="android.hardware.bluetooth_le"
28-->src\main\AndroidManifest.xml:21:9-53
29        android:required="true" /> <!-- Permission to vibrate - recommended, allows vibration feedback on scan -->
29-->src\main\AndroidManifest.xml:22:9-32
30    <uses-permission android:name="android.permission.VIBRATE" /> <!-- Permission to use camera - required -->
30-->src\main\AndroidManifest.xml:16:5-66
30-->src\main\AndroidManifest.xml:16:22-63
31    <uses-permission android:name="android.permission.CAMERA" /> <!-- Camera features - recommended -->
31-->src\main\AndroidManifest.xml:24:5-65
31-->src\main\AndroidManifest.xml:24:22-62
32    <uses-feature
32-->src\main\AndroidManifest.xml:25:5-27:36
33        android:name="android.hardware.camera"
33-->src\main\AndroidManifest.xml:26:9-47
34        android:required="false" />
34-->src\main\AndroidManifest.xml:27:9-33
35    <uses-feature
35-->src\main\AndroidManifest.xml:28:5-30:36
36        android:name="android.hardware.camera.autofocus"
36-->src\main\AndroidManifest.xml:29:9-57
37        android:required="false" />
37-->src\main\AndroidManifest.xml:30:9-33
38    <uses-feature
38-->src\main\AndroidManifest.xml:31:5-33:36
39        android:name="android.hardware.camera.flash"
39-->src\main\AndroidManifest.xml:32:9-53
40        android:required="false" />
40-->src\main\AndroidManifest.xml:33:9-33
41
42    <uses-permission android:name="android.permission.ACCESS_COARSE_LOCATION" />
42-->[com.schibstedspain.android:leku:5.0.0] AndroidManifest.xml:26:5-81
42-->[com.schibstedspain.android:leku:5.0.0] AndroidManifest.xml:26:22-78
43
44    <uses-feature
44-->[com.mercadopago.android.px:checkout:4.5.2] AndroidManifest.xml:18:5-20:36
45        android:name="android.hardware.location.gps"
45-->[com.mercadopago.android.px:checkout:4.5.2] AndroidManifest.xml:19:9-53
46        android:required="false" />
46-->[com.mercadopago.android.px:checkout:4.5.2] AndroidManifest.xml:20:9-33
47
48    <uses-permission android:name="android.permission.ACCESS_WIFI_STATE" />
48-->[com.google.android.libraries.places:places-compat:2.2.0] AndroidManifest.xml:10:5-76
48-->[com.google.android.libraries.places:places-compat:2.2.0] AndroidManifest.xml:10:22-73
49
50    <uses-feature
50-->[com.google.android.gms:play-services-maps:17.0.0] AndroidManifest.xml:26:5-28:35
51        android:glEsVersion="0x00020000"
51-->[com.google.android.gms:play-services-maps:17.0.0] AndroidManifest.xml:27:9-41
52        android:required="true" /> <!-- Required by older versions of Google Play services to create IID tokens -->
52-->[com.google.android.gms:play-services-maps:17.0.0] AndroidManifest.xml:28:9-32
53    <uses-permission android:name="com.google.android.c2dm.permission.RECEIVE" />
53-->[com.google.firebase:firebase-iid:20.1.6] AndroidManifest.xml:26:5-82
53-->[com.google.firebase:firebase-iid:20.1.6] AndroidManifest.xml:26:22-79
54    <uses-permission android:name="com.google.android.finsky.permission.BIND_GET_INSTALL_REFERRER_SERVICE" />
54-->[com.google.android.gms:play-services-measurement:17.4.0] AndroidManifest.xml:26:5-110
54-->[com.google.android.gms:play-services-measurement:17.4.0] AndroidManifest.xml:26:22-107
55
56    <application
56-->src\main\AndroidManifest.xml:35:5-477:19
57        android:name="com.yapue.appan.SysApplication"
57-->src\main\AndroidManifest.xml:36:9-54
58        android:allowBackup="false"
58-->src\main\AndroidManifest.xml:37:9-36
59        android:appComponentFactory="androidx.core.app.CoreComponentFactory"
59-->[androidx.core:core:1.3.2] AndroidManifest.xml:24:18-86
60        android:debuggable="true"
61        android:icon="@mipmap/ic_launcher"
61-->src\main\AndroidManifest.xml:38:9-43
62        android:label="@string/app_name"
62-->src\main\AndroidManifest.xml:39:9-41
63        android:requestLegacyExternalStorage="true"
63-->src\main\AndroidManifest.xml:45:9-52
64        android:roundIcon="@mipmap/ic_launcher_round"
64-->src\main\AndroidManifest.xml:40:9-54
65        android:supportsRtl="true"
65-->src\main\AndroidManifest.xml:41:9-35
66        android:theme="@style/AppTheme"
66-->src\main\AndroidManifest.xml:42:9-40
67        android:usesCleartextTraffic="true" >
67-->src\main\AndroidManifest.xml:43:9-44
68        <meta-data
68-->src\main\AndroidManifest.xml:46:9-48:69
69            android:name="com.google.android.gms.ads.APPLICATION_ID"
69-->src\main\AndroidManifest.xml:47:13-69
70            android:value="ca-app-pub-3753429604221199~4573525785" />
70-->src\main\AndroidManifest.xml:48:13-67
71
72        <activity
72-->src\main\AndroidManifest.xml:49:9-50:55
73            android:name="com.yapue.appan.activity.food.PromoCodeActivity"
73-->src\main\AndroidManifest.xml:49:19-81
74            android:launchMode="singleTop" />
74-->src\main\AndroidManifest.xml:50:13-43
75        <activity
75-->src\main\AndroidManifest.xml:51:9-52:45
76            android:name="com.yapue.appan.activity.home.BreedInfoHome"
76-->src\main\AndroidManifest.xml:51:19-77
77            android:launchMode="singleTop" />
77-->src\main\AndroidManifest.xml:52:13-43
78        <activity
78-->src\main\AndroidManifest.xml:53:9-54:45
79            android:name="com.yapue.appan.activity.petlist.PetListr"
79-->src\main\AndroidManifest.xml:53:19-75
80            android:launchMode="singleTop" />
80-->src\main\AndroidManifest.xml:54:13-43
81
82        <provider
83            android:name="androidx.core.content.FileProvider"
83-->src\main\AndroidManifest.xml:56:13-62
84            android:authorities="com.yapue.appan.fileprovider"
84-->src\main\AndroidManifest.xml:57:13-64
85            android:exported="false"
85-->src\main\AndroidManifest.xml:58:13-37
86            android:grantUriPermissions="true" >
86-->src\main\AndroidManifest.xml:59:13-47
87            <meta-data
87-->src\main\AndroidManifest.xml:60:13-62:53
88                android:name="android.support.FILE_PROVIDER_PATHS"
88-->src\main\AndroidManifest.xml:61:17-67
89                android:resource="@xml/filepaths" />
89-->src\main\AndroidManifest.xml:62:17-50
90        </provider>
91
92        <meta-data
92-->src\main\AndroidManifest.xml:65:9-67:69
93            android:name="com.google.android.gms.verion"
93-->src\main\AndroidManifest.xml:66:13-57
94            android:value="@integer/google_play_services_version" />
94-->src\main\AndroidManifest.xml:67:13-66
95        <meta-data
95-->src\main\AndroidManifest.xml:68:9-70:71
96            android:name="com.google.android.geo.API_KEY"
96-->src\main\AndroidManifest.xml:69:13-58
97            android:value="AIzaSyD-0iCP_5ZtbrriaKncQo74g8URhTpJm0w" />
97-->src\main\AndroidManifest.xml:70:13-68
98        <!--
99            <meta-data
100            android:name="com.google.android.maps.v2.API_KEY"
101            android:value="@string/google_maps_key" />
102        -->
103        <activity
103-->src\main\AndroidManifest.xml:76:9-84:20
104            android:name="com.yapue.appan.Splash"
104-->src\main\AndroidManifest.xml:77:13-50
105            android:screenOrientation="portrait" >
105-->src\main\AndroidManifest.xml:78:13-49
106            <intent-filter>
106-->src\main\AndroidManifest.xml:79:13-83:29
107                <action android:name="android.intent.action.MAIN" />
107-->src\main\AndroidManifest.xml:80:17-69
107-->src\main\AndroidManifest.xml:80:25-66
108
109                <category android:name="android.intent.category.LAUNCHER" />
109-->src\main\AndroidManifest.xml:82:17-77
109-->src\main\AndroidManifest.xml:82:27-74
110            </intent-filter>
111        </activity>
112        <activity
112-->src\main\AndroidManifest.xml:85:9-87:52
113            android:name="com.yapue.appan.activity.register.LoginActivity"
113-->src\main\AndroidManifest.xml:86:13-75
114            android:screenOrientation="portrait" />
114-->src\main\AndroidManifest.xml:87:13-49
115        <activity
115-->src\main\AndroidManifest.xml:88:9-91:52
116            android:name="com.yapue.appan.activity.register.OTPActivity"
116-->src\main\AndroidManifest.xml:89:13-73
117            android:launchMode="singleTop"
117-->src\main\AndroidManifest.xml:90:13-43
118            android:screenOrientation="portrait" />
118-->src\main\AndroidManifest.xml:91:13-49
119        <activity
119-->src\main\AndroidManifest.xml:92:9-95:63
120            android:name="com.yapue.appan.activity.BaseActivity"
120-->src\main\AndroidManifest.xml:93:13-65
121            android:screenOrientation="portrait"
121-->src\main\AndroidManifest.xml:94:13-49
122            android:windowSoftInputMode="stateAlwaysHidden" />
122-->src\main\AndroidManifest.xml:95:13-60
123        <activity
123-->src\main\AndroidManifest.xml:96:9-99:52
124            android:name="com.yapue.appan.activity.UserProfile.UserProfileActivity"
124-->src\main\AndroidManifest.xml:97:13-84
125            android:launchMode="singleTop"
125-->src\main\AndroidManifest.xml:98:13-43
126            android:screenOrientation="portrait" />
126-->src\main\AndroidManifest.xml:99:13-49
127        <activity
127-->src\main\AndroidManifest.xml:100:9-103:52
128            android:name="com.yapue.appan.activity.WebViewActivity"
128-->src\main\AndroidManifest.xml:101:13-68
129            android:launchMode="singleTop"
129-->src\main\AndroidManifest.xml:102:13-43
130            android:screenOrientation="portrait" />
130-->src\main\AndroidManifest.xml:103:13-49
131        <activity
131-->src\main\AndroidManifest.xml:104:9-107:52
132            android:name="com.yapue.appan.activity.AboutUsActivity"
132-->src\main\AndroidManifest.xml:105:13-68
133            android:launchMode="singleTop"
133-->src\main\AndroidManifest.xml:106:13-43
134            android:screenOrientation="portrait" />
134-->src\main\AndroidManifest.xml:107:13-49
135        <activity
135-->src\main\AndroidManifest.xml:108:9-110:52
136            android:name="com.yapue.appan.utils.MainFragment"
136-->src\main\AndroidManifest.xml:109:13-62
137            android:screenOrientation="portrait" />
137-->src\main\AndroidManifest.xml:110:13-49
138        <activity
138-->src\main\AndroidManifest.xml:111:9-114:52
139            android:name="com.yapue.appan.activity.editPet.EditPet"
139-->src\main\AndroidManifest.xml:112:13-68
140            android:launchMode="singleTop"
140-->src\main\AndroidManifest.xml:113:13-43
141            android:screenOrientation="portrait" />
141-->src\main\AndroidManifest.xml:114:13-49
142        <activity
142-->src\main\AndroidManifest.xml:115:9-118:52
143            android:name="com.yapue.appan.activity.food.SubCategoryList"
143-->src\main\AndroidManifest.xml:116:13-73
144            android:launchMode="singleTop"
144-->src\main\AndroidManifest.xml:117:13-43
145            android:screenOrientation="portrait" />
145-->src\main\AndroidManifest.xml:118:13-49
146        <activity
146-->src\main\AndroidManifest.xml:119:9-122:52
147            android:name="com.yapue.appan.activity.petprofile.ProfilePets"
147-->src\main\AndroidManifest.xml:120:13-75
148            android:launchMode="singleTop"
148-->src\main\AndroidManifest.xml:121:13-43
149            android:screenOrientation="portrait" />
149-->src\main\AndroidManifest.xml:122:13-49
150        <activity
150-->src\main\AndroidManifest.xml:123:9-126:52
151            android:name="com.yapue.appan.activity.addpet.AddPetSlides"
151-->src\main\AndroidManifest.xml:124:13-72
152            android:launchMode="singleTop"
152-->src\main\AndroidManifest.xml:125:13-43
153            android:screenOrientation="portrait" />
153-->src\main\AndroidManifest.xml:126:13-49
154        <activity
154-->src\main\AndroidManifest.xml:127:9-130:52
155            android:name="com.yapue.appan.activity.food.SearchActivity"
155-->src\main\AndroidManifest.xml:128:13-72
156            android:launchMode="singleTop"
156-->src\main\AndroidManifest.xml:129:13-43
157            android:screenOrientation="portrait" />
157-->src\main\AndroidManifest.xml:130:13-49
158        <activity
158-->src\main\AndroidManifest.xml:131:9-134:52
159            android:name="com.yapue.appan.activity.nearbypetlist.FriendPetProfile"
159-->src\main\AndroidManifest.xml:132:13-83
160            android:launchMode="singleTop"
160-->src\main\AndroidManifest.xml:133:13-43
161            android:screenOrientation="portrait" />
161-->src\main\AndroidManifest.xml:134:13-49
162        <activity
162-->src\main\AndroidManifest.xml:135:9-138:52
163            android:name="com.yapue.appan.activity.nearbypetlist.PetProfileNearByUser"
163-->src\main\AndroidManifest.xml:136:13-87
164            android:launchMode="singleTop"
164-->src\main\AndroidManifest.xml:137:13-43
165            android:screenOrientation="portrait" />
165-->src\main\AndroidManifest.xml:138:13-49
166        <activity
166-->src\main\AndroidManifest.xml:139:9-142:52
167            android:name="com.yapue.appan.activity.duties.AddReminder"
167-->src\main\AndroidManifest.xml:140:13-71
168            android:launchMode="singleTop"
168-->src\main\AndroidManifest.xml:141:13-43
169            android:screenOrientation="portrait" />
169-->src\main\AndroidManifest.xml:142:13-49
170        <activity
170-->src\main\AndroidManifest.xml:143:9-146:52
171            android:name="com.yapue.appan.activity.duties.HistoryReminder"
171-->src\main\AndroidManifest.xml:144:13-75
172            android:launchMode="singleTop"
172-->src\main\AndroidManifest.xml:145:13-43
173            android:screenOrientation="portrait" />
173-->src\main\AndroidManifest.xml:146:13-49
174        <activity
174-->src\main\AndroidManifest.xml:147:9-150:52
175            android:name="com.yapue.appan.activity.duties.ConfirmReminder"
175-->src\main\AndroidManifest.xml:148:13-75
176            android:launchMode="singleTop"
176-->src\main\AndroidManifest.xml:149:13-43
177            android:screenOrientation="portrait" />
177-->src\main\AndroidManifest.xml:150:13-49
178        <activity
178-->src\main\AndroidManifest.xml:151:9-154:52
179            android:name="com.yapue.appan.activity.duties.CreateReminder"
179-->src\main\AndroidManifest.xml:152:13-74
180            android:launchMode="singleTop"
180-->src\main\AndroidManifest.xml:153:13-43
181            android:screenOrientation="portrait" />
181-->src\main\AndroidManifest.xml:154:13-49
182        <activity
182-->src\main\AndroidManifest.xml:155:9-158:52
183            android:name="com.yapue.appan.activity.register.LoginSignupactivity"
183-->src\main\AndroidManifest.xml:156:13-81
184            android:launchMode="singleTop"
184-->src\main\AndroidManifest.xml:157:13-43
185            android:screenOrientation="portrait" />
185-->src\main\AndroidManifest.xml:158:13-49
186        <activity
186-->src\main\AndroidManifest.xml:159:9-162:52
187            android:name="com.yapue.appan.activity.register.ForgotpasswordActivity"
187-->src\main\AndroidManifest.xml:160:13-84
188            android:launchMode="singleTop"
188-->src\main\AndroidManifest.xml:161:13-43
189            android:screenOrientation="portrait" />
189-->src\main\AndroidManifest.xml:162:13-49
190        <activity
190-->src\main\AndroidManifest.xml:163:9-166:52
191            android:name="com.yapue.appan.activity.register.ChangePasswordActivity"
191-->src\main\AndroidManifest.xml:164:13-84
192            android:launchMode="singleTop"
192-->src\main\AndroidManifest.xml:165:13-43
193            android:screenOrientation="portrait" />
193-->src\main\AndroidManifest.xml:166:13-49
194        <activity
194-->src\main\AndroidManifest.xml:167:9-170:52
195            android:name="com.yapue.appan.activity.duties.EditReminder"
195-->src\main\AndroidManifest.xml:168:13-72
196            android:launchMode="singleTop"
196-->src\main\AndroidManifest.xml:169:13-43
197            android:screenOrientation="portrait" />
197-->src\main\AndroidManifest.xml:170:13-49
198        <activity
198-->src\main\AndroidManifest.xml:171:9-174:52
199            android:name="com.yapue.appan.activity.food.FoodList"
199-->src\main\AndroidManifest.xml:172:13-66
200            android:launchMode="singleTop"
200-->src\main\AndroidManifest.xml:173:13-43
201            android:screenOrientation="portrait" />
201-->src\main\AndroidManifest.xml:174:13-49
202        <activity
202-->src\main\AndroidManifest.xml:175:9-178:52
203            android:name="com.yapue.appan.activity.food.ProductByHomeList"
203-->src\main\AndroidManifest.xml:176:13-75
204            android:launchMode="singleTop"
204-->src\main\AndroidManifest.xml:177:13-43
205            android:screenOrientation="portrait" />
205-->src\main\AndroidManifest.xml:178:13-49
206        <activity
206-->src\main\AndroidManifest.xml:179:9-182:52
207            android:name="com.yapue.appan.activity.food.BrandList"
207-->src\main\AndroidManifest.xml:180:13-67
208            android:launchMode="singleTop"
208-->src\main\AndroidManifest.xml:181:13-43
209            android:screenOrientation="portrait" />
209-->src\main\AndroidManifest.xml:182:13-49
210        <activity
210-->src\main\AndroidManifest.xml:183:9-186:52
211            android:name="com.yapue.appan.activity.food.ShopifyFoodList"
211-->src\main\AndroidManifest.xml:184:13-73
212            android:launchMode="singleTop"
212-->src\main\AndroidManifest.xml:185:13-43
213            android:screenOrientation="portrait" />
213-->src\main\AndroidManifest.xml:186:13-49
214        <activity
214-->src\main\AndroidManifest.xml:187:9-190:52
215            android:name="com.yapue.appan.activity.food.ShopifyFoodDetail"
215-->src\main\AndroidManifest.xml:188:13-75
216            android:launchMode="singleTop"
216-->src\main\AndroidManifest.xml:189:13-43
217            android:screenOrientation="portrait" />
217-->src\main\AndroidManifest.xml:190:13-49
218        <activity
218-->src\main\AndroidManifest.xml:191:9-194:52
219            android:name="com.yapue.appan.activity.chat.ChatNotificationActivity"
219-->src\main\AndroidManifest.xml:192:13-82
220            android:launchMode="singleTop"
220-->src\main\AndroidManifest.xml:193:13-43
221            android:screenOrientation="portrait" />
221-->src\main\AndroidManifest.xml:194:13-49
222        <activity
222-->src\main\AndroidManifest.xml:195:9-198:52
223            android:name="com.yapue.appan.activity.food.FoodDetail"
223-->src\main\AndroidManifest.xml:196:13-68
224            android:launchMode="singleTop"
224-->src\main\AndroidManifest.xml:197:13-43
225            android:screenOrientation="portrait" />
225-->src\main\AndroidManifest.xml:198:13-49
226        <activity
226-->src\main\AndroidManifest.xml:199:9-202:52
227            android:name="com.yapue.appan.activity.food.Cart"
227-->src\main\AndroidManifest.xml:200:13-62
228            android:launchMode="singleTop"
228-->src\main\AndroidManifest.xml:201:13-43
229            android:screenOrientation="portrait" />
229-->src\main\AndroidManifest.xml:202:13-49
230        <activity android:name="com.yapue.appan.activity.Memories.SpacePhotoActivity" />
230-->src\main\AndroidManifest.xml:203:9-89
230-->src\main\AndroidManifest.xml:203:19-86
231        <activity
231-->src\main\AndroidManifest.xml:204:9-207:78
232            android:name="com.yapue.appan.activity.food.ViewOrderDetails"
232-->src\main\AndroidManifest.xml:205:13-74
233            android:launchMode="singleTop"
233-->src\main\AndroidManifest.xml:206:13-43
234            android:theme="@style/Base.Theme.AppCompat.Light.Dialog.Alert" />
234-->src\main\AndroidManifest.xml:207:13-75
235        <activity
235-->src\main\AndroidManifest.xml:208:9-211:52
236            android:name="com.yapue.appan.activity.AddMemories"
236-->src\main\AndroidManifest.xml:209:13-64
237            android:launchMode="singleTop"
237-->src\main\AndroidManifest.xml:210:13-43
238            android:screenOrientation="portrait" />
238-->src\main\AndroidManifest.xml:211:13-49
239        <activity
239-->src\main\AndroidManifest.xml:212:9-215:52
240            android:name="com.yapue.appan.activity.MyOrder.MyOrderActivity"
240-->src\main\AndroidManifest.xml:213:13-76
241            android:launchMode="singleTop"
241-->src\main\AndroidManifest.xml:214:13-43
242            android:screenOrientation="portrait" />
242-->src\main\AndroidManifest.xml:215:13-49
243        <activity
243-->src\main\AndroidManifest.xml:216:9-219:52
244            android:name="com.yapue.appan.activity.MyOrder.vieworder.ViewOrderActivity"
244-->src\main\AndroidManifest.xml:217:13-88
245            android:launchMode="singleTop"
245-->src\main\AndroidManifest.xml:218:13-43
246            android:screenOrientation="portrait" />
246-->src\main\AndroidManifest.xml:219:13-49
247        <activity
247-->src\main\AndroidManifest.xml:220:9-223:52
248            android:name="com.yapue.appan.activity.vat.PlaceDetailsActivity"
248-->src\main\AndroidManifest.xml:221:13-77
249            android:launchMode="singleTop"
249-->src\main\AndroidManifest.xml:222:13-43
250            android:screenOrientation="portrait" />
250-->src\main\AndroidManifest.xml:223:13-49
251        <activity
251-->src\main\AndroidManifest.xml:224:9-228:45
252            android:name="com.yapue.appan.activity.ContactActivity"
252-->src\main\AndroidManifest.xml:225:13-68
253            android:launchMode="singleTop"
253-->src\main\AndroidManifest.xml:228:13-43
254            android:theme="@style/Base.Theme.AppCompat.Light.Dialog.Alert"
254-->src\main\AndroidManifest.xml:226:13-75
255            android:windowSoftInputMode="stateAlwaysHidden" />
255-->src\main\AndroidManifest.xml:227:13-60
256        <activity
256-->src\main\AndroidManifest.xml:229:9-232:52
257            android:name="com.yapue.appan.activity.filter.FilterActivity"
257-->src\main\AndroidManifest.xml:230:13-74
258            android:launchMode="singleTop"
258-->src\main\AndroidManifest.xml:231:13-43
259            android:screenOrientation="portrait" />
259-->src\main\AndroidManifest.xml:232:13-49
260        <activity
260-->src\main\AndroidManifest.xml:233:9-237:63
261            android:name="com.yapue.appan.activity.filter.SearchActivity"
261-->src\main\AndroidManifest.xml:234:13-74
262            android:launchMode="singleTop"
262-->src\main\AndroidManifest.xml:236:13-43
263            android:screenOrientation="portrait"
263-->src\main\AndroidManifest.xml:235:13-49
264            android:windowSoftInputMode="stateAlwaysHidden" />
264-->src\main\AndroidManifest.xml:237:13-60
265        <activity
265-->src\main\AndroidManifest.xml:238:9-242:63
266            android:name="com.yapue.appan.activity.wall.Comment"
266-->src\main\AndroidManifest.xml:239:13-65
267            android:launchMode="singleTop"
267-->src\main\AndroidManifest.xml:241:13-43
268            android:screenOrientation="portrait"
268-->src\main\AndroidManifest.xml:240:13-49
269            android:windowSoftInputMode="stateAlwaysHidden" />
269-->src\main\AndroidManifest.xml:242:13-60
270        <activity
270-->src\main\AndroidManifest.xml:243:9-246:52
271            android:name="com.yapue.appan.activity.petprofile.RatingPet"
271-->src\main\AndroidManifest.xml:244:13-73
272            android:launchMode="singleTop"
272-->src\main\AndroidManifest.xml:245:13-43
273            android:screenOrientation="portrait" />
273-->src\main\AndroidManifest.xml:246:13-49
274        <activity
274-->src\main\AndroidManifest.xml:247:9-250:52
275            android:name="com.yapue.appan.activity.wall.PetVoteActivity"
275-->src\main\AndroidManifest.xml:248:13-73
276            android:launchMode="singleTop"
276-->src\main\AndroidManifest.xml:249:13-43
277            android:screenOrientation="portrait" />
277-->src\main\AndroidManifest.xml:250:13-49
278        <activity
278-->src\main\AndroidManifest.xml:251:9-255:63
279            android:name="com.yapue.appan.activity.wall.EditPost"
279-->src\main\AndroidManifest.xml:252:13-66
280            android:launchMode="singleTop"
280-->src\main\AndroidManifest.xml:253:13-43
281            android:screenOrientation="portrait"
281-->src\main\AndroidManifest.xml:254:13-49
282            android:windowSoftInputMode="stateAlwaysHidden" />
282-->src\main\AndroidManifest.xml:255:13-60
283        <activity
283-->src\main\AndroidManifest.xml:256:9-259:52
284            android:name="com.yapue.appan.activity.wall.ViewPost"
284-->src\main\AndroidManifest.xml:257:13-66
285            android:launchMode="singleTop"
285-->src\main\AndroidManifest.xml:258:13-43
286            android:screenOrientation="portrait" />
286-->src\main\AndroidManifest.xml:259:13-49
287        <activity
287-->src\main\AndroidManifest.xml:260:9-263:52
288            android:name="com.yapue.appan.activity.wall.PostWall"
288-->src\main\AndroidManifest.xml:261:13-66
289            android:launchMode="singleTop"
289-->src\main\AndroidManifest.xml:262:13-43
290            android:screenOrientation="portrait" />
290-->src\main\AndroidManifest.xml:263:13-49
291        <activity
291-->src\main\AndroidManifest.xml:264:9-267:52
292            android:name="com.yapue.appan.activity.wall.MyPost"
292-->src\main\AndroidManifest.xml:265:13-64
293            android:launchMode="singleTop"
293-->src\main\AndroidManifest.xml:266:13-43
294            android:screenOrientation="portrait" />
294-->src\main\AndroidManifest.xml:267:13-49
295        <activity
295-->src\main\AndroidManifest.xml:268:9-271:52
296            android:name="com.yapue.appan.activity.Memories.GalleryActivity"
296-->src\main\AndroidManifest.xml:269:13-77
297            android:launchMode="singleTop"
297-->src\main\AndroidManifest.xml:270:13-43
298            android:screenOrientation="portrait" />
298-->src\main\AndroidManifest.xml:271:13-49
299        <activity
299-->src\main\AndroidManifest.xml:272:9-275:52
300            android:name="com.yapue.appan.activity.MyOrder.ShopifyMyOrderDetail"
300-->src\main\AndroidManifest.xml:273:13-81
301            android:launchMode="singleTop"
301-->src\main\AndroidManifest.xml:274:13-43
302            android:screenOrientation="portrait" />
302-->src\main\AndroidManifest.xml:275:13-49
303        <activity
303-->src\main\AndroidManifest.xml:276:9-279:52
304            android:name="com.yapue.appan.activity.PaymentViewActivity"
304-->src\main\AndroidManifest.xml:277:13-72
305            android:launchMode="singleTop"
305-->src\main\AndroidManifest.xml:278:13-43
306            android:screenOrientation="portrait" />
306-->src\main\AndroidManifest.xml:279:13-49
307
308        <meta-data
308-->src\main\AndroidManifest.xml:281:9-283:72
309            android:name="io.fabric.ApiKey"
309-->src\main\AndroidManifest.xml:282:13-44
310            android:value="6956ee260d8a46359094304995f81a6c154130cd" />
310-->src\main\AndroidManifest.xml:283:13-69
311
312        <activity android:name="com.yapue.appan.AppIntro" />
312-->src\main\AndroidManifest.xml:285:9-61
312-->src\main\AndroidManifest.xml:285:19-58
313        <activity
313-->src\main\AndroidManifest.xml:286:9-289:63
314            android:name="com.yapue.appan.activity.food.WriteReview"
314-->src\main\AndroidManifest.xml:287:13-69
315            android:theme="@style/Base.Theme.AppCompat.Light.Dialog.Alert"
315-->src\main\AndroidManifest.xml:288:13-75
316            android:windowSoftInputMode="stateAlwaysHidden" />
316-->src\main\AndroidManifest.xml:289:13-60
317        <activity